Java Grande Forum Benchmark Suite - Version 2.0 - Section 1

Section1:Arith:Add:Int                  	1.6276575E7	 (adds/s)
Section1:Arith:Add:Long                 	1.57221E7	 (adds/s)
Section1:Arith:Add:Float                	1.533221E7	 (adds/s)
Section1:Arith:Add:Double               	1.4973497E7	 (adds/s)
Section1:Arith:Mult:Int                 	1.6133924E7	 (multiplies/s)
Section1:Arith:Mult:Long                	1.5459521E7	 (multiplies/s)
Section1:Arith:Mult:Float               	1.532504E7	 (multiplies/s)
Section1:Arith:Mult:Double              	1.4974865E7	 (multiplies/s)
Section1:Arith:Div:Int                  	1.093725E7	 (divides/s)
Section1:Arith:Div:Long                 	1.1282193E7	 (divides/s)
Section1:Arith:Div:Float                	1.4049048E7	 (divides/s)
Section1:Arith:Div:Double               	1.2450794E7	 (divides/s)
Section1:Assign:Same:Scalar:Local       	2.8643356E7	 (assignments/s)
Section1:Assign:Same:Scalar:Instance    	1.9971964E7	 (assignments/s)
Section1:Assign:Same:Scalar:Class       	3.212864E7	 (assignments/s)
Section1:Assign:Same:Array:Local        	1.1510468E7	 (assignments/s)
Section1:Assign:Same:Array:Instance     	4683551.5	 (assignments/s)
Section1:Assign:Same:Array:Class        	1.2113863E7	 (assignments/s)
Section1:Assign:Other:Scalar:Instance   	1.5459521E7	 (assignments/s)
Section1:Assign:Other:Scalar:Class      	3.212864E7	 (assignments/s)
Section1:Assign:Other:Array:Instance    	8491319.0	 (assignments/s)
Section1:Assign:Other:Array:Class       	1.2113863E7	 (assignments/s)
Section1:Cast:IntFloat                  	2.0244656E7	 (casts/s)
Section1:Cast:IntDouble                 	1.9194002E7	 (casts/s)
Section1:Cast:LongFloat                 	2.0244656E7	 (casts/s)
Section1:Cast:LongDouble                	1.928437E7	 (casts/s)
Section1:Create:Array:Int:1             	4788403.0	 (arrays/s)
Section1:Create:Array:Int:2             	4782532.5	 (arrays/s)
Section1:Create:Array:Int:4             	3774071.8	 (arrays/s)
Section1:Create:Array:Int:8             	3195755.8	 (arrays/s)
Section1:Create:Array:Int:16            	2437224.8	 (arrays/s)
Section1:Create:Array:Int:32            	1544844.2	 (arrays/s)
Section1:Create:Array:Int:64            	934050.9	 (arrays/s)
Section1:Create:Array:Int:128           	497135.66	 (arrays/s)
Section1:Create:Array:Long:1            	4776398.0	 (arrays/s)
Section1:Create:Array:Long:2            	3768862.8	 (arrays/s)
Section1:Create:Array:Long:4            	3194260.2	 (arrays/s)
Section1:Create:Array:Long:8            	2436644.8	 (arrays/s)
Section1:Create:Array:Long:16           	1545777.0	 (arrays/s)
Section1:Create:Array:Long:32           	935758.0	 (arrays/s)
Section1:Create:Array:Long:64           	497522.1	 (arrays/s)
Section1:Create:Array:Long:128          	238028.83	 (arrays/s)
Section1:Create:Array:Float:1           	4457503.5	 (arrays/s)
Section1:Create:Array:Float:2           	4457746.0	 (arrays/s)
Section1:Create:Array:Float:4           	3567012.0	 (arrays/s)
Section1:Create:Array:Float:8           	3039703.2	 (arrays/s)
Section1:Create:Array:Float:16          	2344725.0	 (arrays/s)
Section1:Create:Array:Float:32          	1605644.9	 (arrays/s)
Section1:Create:Array:Float:64          	919622.8	 (arrays/s)
Section1:Create:Array:Float:128         	491976.56	 (arrays/s)
Section1:Create:Array:Object:1          	5316373.5	 (arrays/s)
Section1:Create:Array:Object:2          	4074811.0	 (arrays/s)
Section1:Create:Array:Object:4          	3404821.2	 (arrays/s)
Section1:Create:Array:Object:8          	2552184.0	 (arrays/s)
Section1:Create:Array:Object:16         	1707520.4	 (arrays/s)
Section1:Create:Array:Object:32         	951496.0	 (arrays/s)
Section1:Create:Array:Object:64         	501420.03	 (arrays/s)
Section1:Create:Array:Object:128        	238028.83	 (arrays/s)
Section1:Create:Object:Base             	2801258.5	 (objects/s)
Section1:Create:Object:Simple           	512846.2	 (objects/s)
Section1:Create:Object:Simple:Constructor	505130.22	 (objects/s)
Section1:Create:Object:Simple:1Field    	511488.5	 (objects/s)
Section1:Create:Object:Simple:2Field    	500000.0	 (objects/s)
Section1:Create:Object:Simple:4Field    	490703.47	 (objects/s)
Section1:Create:Object:Simple:4fField   	475262.22	 (objects/s)
Section1:Create:Object:Simple:4LField   	478281.2	 (objects/s)
Section1:Create:Object:Subclass         	279873.2	 (objects/s)
Section1:Create:Object:Complex          	247104.25	 (objects/s)
Section1:Create:Object:Complex:Constructor	254422.58	 (objects/s)
Section1:Exception:Throw                	60952.383	 (exceptions/s)
Section1:Exception:New                  	11118.06	 (exceptions/s)
Section1:Exception:Method               	5722.87	 (exceptions/s)
Section1:Loop:For                       	1.5395602E7	 (iterations/s)
Section1:Loop:ReverseFor                	1.9045626E7	 (iterations/s)
Section1:Loop:While                     	1.5395602E7	 (iterations/s)
Section1:Math:AbsInt                    	5850175.0	 (operations/s)
Section1:Math:AbsLong                   	5235174.0	 (operations/s)
Section1:Math:AbsFloat                  	5648876.0	 (operations/s)
Section1:Math:AbsDouble                 	4999389.5	 (operations/s)
Section1:Math:MaxInt                    	4450239.0	 (operations/s)
Section1:Math:MaxLong                   	3831618.2	 (operations/s)
Section1:Math:MaxFloat                  	4368367.5	 (operations/s)
Section1:Math:MaxDouble                 	3656816.2	 (operations/s)
Section1:Math:MinInt                    	4474791.0	 (operations/s)
Section1:Math:MinLong                   	3857963.8	 (operations/s)
Section1:Math:MinFloat                  	4373265.0	 (operations/s)
Section1:Math:MinDouble                 	3656163.5	 (operations/s)
Section1:Math:SinDouble                 	4027532.0	 (operations/s)
Section1:Math:CosDouble                 	3652577.2	 (operations/s)
Section1:Math:TanDouble                 	3202752.2	 (operations/s)
Section1:Math:AsinDouble                	4001172.2	 (operations/s)
Section1:Math:AcosDouble                	2160451.5	 (operations/s)
Section1:Math:AtanDouble                	3275228.0	 (operations/s)
Section1:Math:Atan2Double               	3519505.0	 (operations/s)
Section1:Math:FloorDouble               	5214181.0	 (operations/s)
Section1:Math:CeilDouble                	5216505.5	 (operations/s)
Section1:Math:SqrtDouble                	5167476.0	 (operations/s)
Section1:Math:ExpDouble                 	3004474.5	 (operations/s)
Section1:Math:LogDouble                 	2564006.2	 (operations/s)
Section1:Math:PowDouble                 	1703543.5	 (operations/s)
Section1:Math:RintDouble                	5186123.0	 (operations/s)
Section1:Math:Random                    	843145.3	 (operations/s)
Section1:Math:RoundFloat                	4146378.5	 (operations/s)
Section1:Math:RoundDouble               	3825177.5	 (operations/s)
Section1:Math:IEEERemainderDouble       	3708465.2	 (operations/s)
Section1:Method:Same:Instance           	771142.4	 (calls/s)
Section1:Method:Same:SynchronizedInstance	619105.2	 (calls/s)
Section1:Method:Same:FinalInstance      	761564.75	 (calls/s)
Section1:Method:Same:Class              	838519.5	 (calls/s)
Section1:Method:Same:SynchronizedClass  	633584.94	 (calls/s)
Section1:Method:Other:Instance          	697357.7	 (calls/s)
Section1:Method:Other:InstanceOfAbstract	695085.5	 (calls/s)
Section1:Method:Other:Class             	851842.6	 (calls/s)
Section1:Serial:Writing:Linklist        	10122.578	 (bytes/s)
Section1:Serial:Reading:Linklist        	51057.04	 (bytes/s)
Section1:Serial:Writing:Binarytree      	9400.149	 (bytes/s)
Section1:Serial:Reading:Binarytree      	42391.92	 (bytes/s)
Section1:Serial:Writing:Vector          	9651.637	 (bytes/s)
Section1:Serial:Reading:Vector          	46176.047	 (bytes/s)
Section1:Serial:Writing:Array           	10294.3545	 (bytes/s)
Section1:Serial:Reading:Array           	50274.94	 (bytes/s)
