Java Grande Forum Benchmark Suite - Version 2.0 - Section 1

Section1:Arith:Add:Int                  	1.27875123E9	 (adds/s)
Section1:Arith:Add:Long                 	1.21419174E9	 (adds/s)
Section1:Arith:Add:Float                	5.9956314E8	 (adds/s)
Section1:Arith:Add:Double               	5.995289E8	 (adds/s)
Section1:Arith:Mult:Int                 	5.9470054E8	 (multiplies/s)
Section1:Arith:Mult:Long                	6.814688E8	 (multiplies/s)
Section1:Arith:Mult:Float               	5.6438778E8	 (multiplies/s)
Section1:Arith:Mult:Double              	4.51544224E8	 (multiplies/s)
Section1:Arith:Div:Int                  	2.662036E8	 (divides/s)
Section1:Arith:Div:Long                 	1.855624E8	 (divides/s)
Section1:Arith:Div:Float                	3.2253952E8	 (divides/s)
Section1:Arith:Div:Double               	3.2251968E8	 (divides/s)
Section1:Assign:Same:Scalar:Local       	5.7614066E10	 (assignments/s)
Section1:Assign:Same:Scalar:Instance    	7.2315585E10	 (assignments/s)
Section1:Assign:Same:Scalar:Class       	7.2315585E10	 (assignments/s)
Section1:Assign:Same:Array:Local        	2.24823322E9	 (assignments/s)
Section1:Assign:Same:Array:Instance     	1.09466125E9	 (assignments/s)
Section1:Assign:Same:Array:Class        	2.18909389E9	 (assignments/s)
Section1:Assign:Other:Scalar:Instance   	1.15228131E11	 (assignments/s)
Section1:Assign:Other:Scalar:Class      	7.2315585E10	 (assignments/s)
Section1:Assign:Other:Array:Instance    	2.1895511E9	 (assignments/s)
Section1:Assign:Other:Array:Class       	2.1895511E9	 (assignments/s)
Section1:Cast:IntFloat                  	Infinity	 (casts/s)
Section1:Cast:IntDouble                 	Infinity	 (casts/s)
Section1:Cast:LongFloat                 	Infinity	 (casts/s)
Section1:Cast:LongDouble                	Infinity	 (casts/s)
Section1:Create:Array:Int:1             	1133966.4	 (arrays/s)
Section1:Create:Array:Int:2             	355259.5	 (arrays/s)
Section1:Create:Array:Int:4             	283546.56	 (arrays/s)
Section1:Create:Array:Int:8             	425266.84	 (arrays/s)
Section1:Create:Array:Int:16            	765192.7	 (arrays/s)
Section1:Create:Array:Int:32            	779121.94	 (arrays/s)
Section1:Create:Array:Int:64            	412371.12	 (arrays/s)
Section1:Create:Array:Int:128           	9349464.0	 (arrays/s)
Section1:Create:Array:Long:1            	7.463812E7	 (arrays/s)
Section1:Create:Array:Long:2            	7.471896E7	 (arrays/s)
Section1:Create:Array:Long:4            	6.3975008E7	 (arrays/s)
Section1:Create:Array:Long:8            	4.6292292E7	 (arrays/s)
Section1:Create:Array:Long:16           	3.013288E7	 (arrays/s)
Section1:Create:Array:Long:32           	1.4207423E7	 (arrays/s)
Section1:Create:Array:Long:64           	6310276.0	 (arrays/s)
Section1:Create:Array:Long:128          	2745308.2	 (arrays/s)
Section1:Create:Array:Float:1           	7.517752E7	 (arrays/s)
Section1:Create:Array:Float:2           	7.5259528E7	 (arrays/s)
Section1:Create:Array:Float:4           	7.553276E7	 (arrays/s)
Section1:Create:Array:Float:8           	6.7934072E7	 (arrays/s)
Section1:Create:Array:Float:16          	4.5438536E7	 (arrays/s)
Section1:Create:Array:Float:32          	2.7594106E7	 (arrays/s)
Section1:Create:Array:Float:64          	1.4251914E7	 (arrays/s)
Section1:Create:Array:Float:128         	6472308.0	 (arrays/s)
Section1:Create:Array:Object:1          	7.2984016E7	 (arrays/s)
Section1:Create:Array:Object:2          	7.5393728E7	 (arrays/s)
Section1:Create:Array:Object:4          	7.4966824E7	 (arrays/s)
Section1:Create:Array:Object:8          	7.0013352E7	 (arrays/s)
Section1:Create:Array:Object:16         	5.713688E7	 (arrays/s)
Section1:Create:Array:Object:32         	2.7359104E7	 (arrays/s)
Section1:Create:Array:Object:64         	1.4058692E7	 (arrays/s)
Section1:Create:Array:Object:128        	6105687.0	 (arrays/s)
Section1:Create:Object:Base             	1.80788961E10	 (objects/s)
Section1:Create:Object:Simple           	1.80477788E10	 (objects/s)
Section1:Create:Object:Simple:Constructor	1.80477788E10	 (objects/s)
Section1:Create:Object:Simple:1Field    	1.80788961E10	 (objects/s)
Section1:Create:Object:Simple:2Field    	1.80788961E10	 (objects/s)
Section1:Create:Object:Simple:4Field    	1.80477788E10	 (objects/s)
Section1:Create:Object:Simple:4fField   	1.80477788E10	 (objects/s)
Section1:Create:Object:Simple:4LField   	1.80788961E10	 (objects/s)
Section1:Create:Object:Subclass         	1.80788961E10	 (objects/s)
Section1:Create:Object:Complex          	1.80477788E10	 (objects/s)
Section1:Create:Object:Complex:Constructor	1.80477788E10	 (objects/s)
Section1:Exception:Throw                	Infinity	 (exceptions/s)
Section1:Exception:New                  	1211762.6	 (exceptions/s)
Section1:Exception:Method               	868680.0	 (exceptions/s)
Section1:Loop:For                       	Infinity	 (iterations/s)
Section1:Loop:ReverseFor                	Infinity	 (iterations/s)
Section1:Loop:While                     	Infinity	 (iterations/s)
Section1:Math:AbsInt                    	1.95265549E9	 (operations/s)
Section1:Math:AbsLong                   	4.34049184E8	 (operations/s)
Section1:Math:AbsFloat                  	4.40504128E8	 (operations/s)
Section1:Math:AbsDouble                 	2.09422003E9	 (operations/s)
Section1:Math:MaxInt                    	1.12871475E9	 (operations/s)
Section1:Math:MaxLong                   	4.19967968E8	 (operations/s)
Section1:Math:MaxFloat                  	2.45706256E8	 (operations/s)
Section1:Math:MaxDouble                 	2.47399024E8	 (operations/s)
Section1:Math:MinInt                    	8.7264979E8	 (operations/s)
Section1:Math:MinLong                   	4.19867072E8	 (operations/s)
Section1:Math:MinFloat                  	2.47399024E8	 (operations/s)
Section1:Math:MinDouble                 	2.4572928E8	 (operations/s)
Section1:Math:SinDouble                 	2.6432202E7	 (operations/s)
Section1:Math:CosDouble                 	2.210917E7	 (operations/s)
Section1:Math:TanDouble                 	1.707823E7	 (operations/s)
Section1:Math:AsinDouble                	4.147848E7	 (operations/s)
Section1:Math:AcosDouble                	3935056.2	 (operations/s)
Section1:Math:AtanDouble                	5.4795988E7	 (operations/s)
Section1:Math:Atan2Double               	3.5109824E7	 (operations/s)
Section1:Math:FloorDouble               	5.1160032E7	 (operations/s)
Section1:Math:CeilDouble                	4.8947644E7	 (operations/s)
Section1:Math:SqrtDouble                	3.2253952E8	 (operations/s)
Section1:Math:ExpDouble                 	2.2954816E7	 (operations/s)
Section1:Math:LogDouble                 	3.0595704E7	 (operations/s)
Section1:Math:PowDouble                 	3737908.5	 (operations/s)
Section1:Math:RintDouble                	2.2159256E8	 (operations/s)
Section1:Math:Random                    	3.2992348E7	 (operations/s)
Section1:Math:RoundFloat                	3.5482404E7	 (operations/s)
Section1:Math:RoundDouble               	3.5627072E7	 (operations/s)
Section1:Math:IEEERemainderDouble       	3.6314068E7	 (operations/s)
Section1:Method:Same:Instance           	1.61319387E11	 (calls/s)
Section1:Method:Same:SynchronizedInstance	1.8700528E8	 (calls/s)
Section1:Method:Same:FinalInstance      	3.92578048E8	 (calls/s)
Section1:Method:Same:Class              	3.5690128E8	 (calls/s)
Section1:Method:Same:SynchronizedClass  	1.76207568E8	 (calls/s)
Section1:Method:Other:Instance          	9.9864379E10	 (calls/s)
Section1:Method:Other:InstanceOfAbstract	1.00824613E11	 (calls/s)
Section1:Method:Other:Class             	3.60459264E8	 (calls/s)
Section1:Serial:Writing:Linklist        	42890.05	 (bytes/s)
Section1:Serial:Reading:Linklist        	57957.89	 (bytes/s)
Section1:Serial:Writing:Binarytree      	33973.34	 (bytes/s)
Section1:Serial:Reading:Binarytree      	317210.66	 (bytes/s)
Section1:Serial:Writing:Vector          	58076.227	 (bytes/s)
Section1:Serial:Reading:Vector          	344143.84	 (bytes/s)
Section1:Serial:Writing:Array           	60730.066	 (bytes/s)
Section1:Serial:Reading:Array           	389427.66	 (bytes/s)
